# TIMEOUT = 100
# OPTIONS = -q -k
# Exit codes:
#   Equinox: 1 = "Satisfiable"
#   Z3: 1 = error

# Running tests hoped to pass (unsatisfiable)
# ===========================================

./yes/add-and-mult-nonZero.hs                ,   1.34, passed
./yes/add-is-cf.hs                           ,   0.07, FAILED WITH EXIT CODE 1
./yes/add-is-cf-to-cf-to-cf.hs               ,   0.23, passed
./yes/add-mult-factorial.hs                  ,  79.62, FAILED WITH EXIT CODE 1
./yes/add-symmetric.hs                       ,  61.30, passed
./yes/bintree-eq-is-cf2.hs                   ,   0.21, passed
./yes/bintree-height-is-cf-to-cf.hs          ,   4.10, passed
./yes/bintree-size-is-cf-to-cf.hs            ,   1.09, passed
./yes/crash-on-wrong-nat.hs                  ,   0.68, passed
./yes/eqNat.hs                               ,   2.91, passed
./yes/even-odd-mutual.hs                     ,   0.84, passed
./yes/gt-inc.hs                              , 100.02, TIMED OUT
./yes/id-is-cf.hs                            ,   0.04, FAILED WITH EXIT CODE 1
./yes/id-universal-lemma-hack.hs             , 100.01, TIMED OUT
./yes/loop.hs                                ,   0.07, passed
./yes/map.hs                                 ,   0.91, passed
./yes/mult-is-cf-to-cf-to-cf.hs              ,   0.56, passed
./yes/predicate-on-constant-function.hs      ,   0.61, passed
./yes/recursion-using-both-arguments.hs      ,   0.24, passed
./yes/reverse-is-cf3.hs                      ,   0.32, passed

# ... including tests needing -u 1
# ================================

./yes-u1/needs-unrolling.hs                  ,   2.33, passed

# Running tests hoped to fail (satisfiable)
# =========================================

./no/add-and-mult-nonZero.hs                 ,   2.01, FAILED WITH EXIT CODE 1
./no/bad-is-cf.hs                            ,   0.04, FAILED WITH EXIT CODE 1
./no/const-bad-is-cf-to-cf.hs                ,   0.05, FAILED WITH EXIT CODE 1
./no/crash-on-wrong-nat.hs                   ,   1.00, FAILED WITH EXIT CODE 1
./no/mult-gt.hs                              ,  33.65, FAILED WITH EXIT CODE 1
./no/mult-gt-unnested.hs                     ,  12.76, FAILED WITH EXIT CODE 1
./no/mutual-recursion-bug.hs                 ,   0.05, FAILED WITH EXIT CODE 1
